<?xml version="1.0" encoding="UTF-8"?>
<!-- Generated by org.testng.reporters.JUnitReportReporter -->
<testsuite skipped="0" hostname="ZIL622" name="com.perficient.testcases.LoginTestCRM" tests="2" failures="0" timestamp="15 Jun 2022 06:37:14 GMT" time="7.549" errors="0">
  <testcase name="loginApp" time="6.464" classname="com.perficient.testcases.LoginTestCRM"/>
  <testcase name="loginApp1" time="1.085" classname="com.perficient.testcases.LoginTestCRM"/>
</testsuite> <!-- com.perficient.testcases.LoginTestCRM -->
